2025-03-12 19:45:06,238 - __main__ - INFO - Created backup of current database at: /Users/willramsey/Desktop/nfl-game/data/backups/nfl_players_backup_20250312_194506.json
2025-03-12 19:45:06,246 - __main__ - INFO - Scraping players with last names starting with: A
2025-03-12 19:45:06,390 - __main__ - WARNING - Error scraping letter A (attempt 1/3): 429 Client Error: Too Many Requests for url: https://www.pro-football-reference.com/players/A/
2025-03-12 19:45:06,390 - __main__ - INFO - Waiting 5 seconds before retrying...
2025-03-12 19:45:11,475 - __main__ - WARNING - Error scraping letter A (attempt 2/3): 429 Client Error: Too Many Requests for url: https://www.pro-football-reference.com/players/A/
2025-03-12 19:45:11,475 - __main__ - INFO - Waiting 10 seconds before retrying...
2025-03-12 19:45:21,546 - __main__ - WARNING - Error scraping letter A (attempt 3/3): 429 Client Error: Too Many Requests for url: https://www.pro-football-reference.com/players/A/
2025-03-12 19:45:21,547 - __main__ - INFO - Waiting 15 seconds before retrying...
2025-03-12 19:45:36,552 - __main__ - ERROR - Failed to scrape letter A after 3 attempts
2025-03-12 19:45:36,554 - __main__ - WARNING - No players found for letter A - retrying once more
2025-03-12 19:45:41,556 - __main__ - INFO - Scraping players with last names starting with: A
2025-03-12 19:45:41,652 - __main__ - WARNING - Error scraping letter A (attempt 1/4): 429 Client Error: Too Many Requests for url: https://www.pro-football-reference.com/players/A/
2025-03-12 19:45:41,653 - __main__ - INFO - Waiting 5 seconds before retrying...
2025-03-12 19:45:46,752 - __main__ - WARNING - Error scraping letter A (attempt 2/4): 429 Client Error: Too Many Requests for url: https://www.pro-football-reference.com/players/A/
2025-03-12 19:45:46,752 - __main__ - INFO - Waiting 10 seconds before retrying...
2025-03-12 19:45:56,834 - __main__ - WARNING - Error scraping letter A (attempt 3/4): 429 Client Error: Too Many Requests for url: https://www.pro-football-reference.com/players/A/
2025-03-12 19:45:56,835 - __main__ - INFO - Waiting 15 seconds before retrying...
2025-03-12 19:46:11,883 - __main__ - WARNING - Error scraping letter A (attempt 4/4): 429 Client Error: Too Many Requests for url: https://www.pro-football-reference.com/players/A/
2025-03-12 19:46:11,883 - __main__ - INFO - Waiting 20 seconds before retrying...
2025-03-12 19:46:31,888 - __main__ - ERROR - Failed to scrape letter A after 4 attempts
2025-03-12 19:46:31,891 - __main__ - ERROR - Failed to retrieve players for letter A after retry
2025-03-12 19:46:31,894 - __main__ - INFO - Scraping players with last names starting with: B
2025-03-12 19:46:31,970 - __main__ - WARNING - Error scraping letter B (attempt 1/3): 429 Client Error: Too Many Requests for url: https://www.pro-football-reference.com/players/B/
2025-03-12 19:46:31,970 - __main__ - INFO - Waiting 5 seconds before retrying...
2025-03-12 19:46:37,053 - __main__ - WARNING - Error scraping letter B (attempt 2/3): 429 Client Error: Too Many Requests for url: https://www.pro-football-reference.com/players/B/
2025-03-12 19:46:37,053 - __main__ - INFO - Waiting 10 seconds before retrying...
2025-03-12 19:46:47,129 - __main__ - WARNING - Error scraping letter B (attempt 3/3): 429 Client Error: Too Many Requests for url: https://www.pro-football-reference.com/players/B/
2025-03-12 19:46:47,129 - __main__ - INFO - Waiting 15 seconds before retrying...
2025-03-12 19:47:02,135 - __main__ - ERROR - Failed to scrape letter B after 3 attempts
2025-03-12 19:47:02,138 - __main__ - WARNING - No players found for letter B - retrying once more
2025-03-12 19:47:07,144 - __main__ - INFO - Scraping players with last names starting with: B
2025-03-12 19:47:07,212 - __main__ - WARNING - Error scraping letter B (attempt 1/4): 429 Client Error: Too Many Requests for url: https://www.pro-football-reference.com/players/B/
2025-03-12 19:47:07,213 - __main__ - INFO - Waiting 5 seconds before retrying...
2025-03-12 19:47:12,309 - __main__ - WARNING - Error scraping letter B (attempt 2/4): 429 Client Error: Too Many Requests for url: https://www.pro-football-reference.com/players/B/
2025-03-12 19:47:12,310 - __main__ - INFO - Waiting 10 seconds before retrying...
2025-03-12 19:47:22,384 - __main__ - WARNING - Error scraping letter B (attempt 3/4): 429 Client Error: Too Many Requests for url: https://www.pro-football-reference.com/players/B/
2025-03-12 19:47:22,384 - __main__ - INFO - Waiting 15 seconds before retrying...
2025-03-12 19:47:37,430 - __main__ - WARNING - Error scraping letter B (attempt 4/4): 429 Client Error: Too Many Requests for url: https://www.pro-football-reference.com/players/B/
2025-03-12 19:47:37,430 - __main__ - INFO - Waiting 20 seconds before retrying...
2025-03-12 19:47:57,435 - __main__ - ERROR - Failed to scrape letter B after 4 attempts
2025-03-12 19:47:57,438 - __main__ - ERROR - Failed to retrieve players for letter B after retry
2025-03-12 19:47:57,439 - __main__ - INFO - Scraping players with last names starting with: C
2025-03-12 19:47:57,519 - __main__ - WARNING - Error scraping letter C (attempt 1/3): 429 Client Error: Too Many Requests for url: https://www.pro-football-reference.com/players/C/
2025-03-12 19:47:57,519 - __main__ - INFO - Waiting 5 seconds before retrying...
2025-03-12 19:48:02,590 - __main__ - WARNING - Error scraping letter C (attempt 2/3): 429 Client Error: Too Many Requests for url: https://www.pro-football-reference.com/players/C/
2025-03-12 19:48:02,590 - __main__ - INFO - Waiting 10 seconds before retrying...
2025-03-12 19:48:12,665 - __main__ - WARNING - Error scraping letter C (attempt 3/3): 429 Client Error: Too Many Requests for url: https://www.pro-football-reference.com/players/C/
2025-03-12 19:48:12,666 - __main__ - INFO - Waiting 15 seconds before retrying...
2025-03-12 19:48:27,668 - __main__ - ERROR - Failed to scrape letter C after 3 attempts
2025-03-12 19:48:27,672 - __main__ - WARNING - No players found for letter C - retrying once more
2025-03-12 19:48:32,673 - __main__ - INFO - Scraping players with last names starting with: C
2025-03-12 19:48:32,742 - __main__ - WARNING - Error scraping letter C (attempt 1/4): 429 Client Error: Too Many Requests for url: https://www.pro-football-reference.com/players/C/
2025-03-12 19:48:32,743 - __main__ - INFO - Waiting 5 seconds before retrying...
2025-03-12 19:48:37,881 - __main__ - WARNING - Error scraping letter C (attempt 2/4): 429 Client Error: Too Many Requests for url: https://www.pro-football-reference.com/players/C/
2025-03-12 19:48:37,881 - __main__ - INFO - Waiting 10 seconds before retrying...
2025-03-12 19:48:47,956 - __main__ - WARNING - Error scraping letter C (attempt 3/4): 429 Client Error: Too Many Requests for url: https://www.pro-football-reference.com/players/C/
2025-03-12 19:48:47,956 - __main__ - INFO - Waiting 15 seconds before retrying...
2025-03-12 19:49:03,089 - __main__ - WARNING - Error scraping letter C (attempt 4/4): 429 Client Error: Too Many Requests for url: https://www.pro-football-reference.com/players/C/
2025-03-12 19:49:03,090 - __main__ - INFO - Waiting 20 seconds before retrying...
2025-03-12 19:49:23,095 - __main__ - ERROR - Failed to scrape letter C after 4 attempts
2025-03-12 19:49:23,097 - __main__ - ERROR - Failed to retrieve players for letter C after retry
2025-03-12 19:49:23,097 - __main__ - INFO - Scraping players with last names starting with: D
2025-03-12 19:49:23,142 - __main__ - WARNING - Error scraping letter D (attempt 1/3): 429 Client Error: Too Many Requests for url: https://www.pro-football-reference.com/players/D/
2025-03-12 19:49:23,143 - __main__ - INFO - Waiting 5 seconds before retrying...
2025-03-12 19:49:28,214 - __main__ - WARNING - Error scraping letter D (attempt 2/3): 429 Client Error: Too Many Requests for url: https://www.pro-football-reference.com/players/D/
2025-03-12 19:49:28,214 - __main__ - INFO - Waiting 10 seconds before retrying...
2025-03-12 19:49:38,298 - __main__ - WARNING - Error scraping letter D (attempt 3/3): 429 Client Error: Too Many Requests for url: https://www.pro-football-reference.com/players/D/
2025-03-12 19:49:38,298 - __main__ - INFO - Waiting 15 seconds before retrying...
2025-03-12 19:49:53,303 - __main__ - ERROR - Failed to scrape letter D after 3 attempts
2025-03-12 19:49:53,306 - __main__ - WARNING - No players found for letter D - retrying once more
2025-03-12 19:49:58,308 - __main__ - INFO - Scraping players with last names starting with: D
2025-03-12 19:49:58,373 - __main__ - WARNING - Error scraping letter D (attempt 1/4): 429 Client Error: Too Many Requests for url: https://www.pro-football-reference.com/players/D/
2025-03-12 19:49:58,373 - __main__ - INFO - Waiting 5 seconds before retrying...
2025-03-12 19:50:03,448 - __main__ - WARNING - Error scraping letter D (attempt 2/4): 429 Client Error: Too Many Requests for url: https://www.pro-football-reference.com/players/D/
2025-03-12 19:50:03,448 - __main__ - INFO - Waiting 10 seconds before retrying...
2025-03-12 19:50:13,520 - __main__ - WARNING - Error scraping letter D (attempt 3/4): 429 Client Error: Too Many Requests for url: https://www.pro-football-reference.com/players/D/
2025-03-12 19:50:13,521 - __main__ - INFO - Waiting 15 seconds before retrying...
2025-03-12 19:50:28,693 - __main__ - WARNING - Error scraping letter D (attempt 4/4): 429 Client Error: Too Many Requests for url: https://www.pro-football-reference.com/players/D/
2025-03-12 19:50:28,694 - __main__ - INFO - Waiting 20 seconds before retrying...
2025-03-12 19:50:48,700 - __main__ - ERROR - Failed to scrape letter D after 4 attempts
2025-03-12 19:50:48,702 - __main__ - ERROR - Failed to retrieve players for letter D after retry
2025-03-12 19:50:48,703 - __main__ - INFO - Scraping players with last names starting with: E
2025-03-12 19:50:48,767 - __main__ - WARNING - Error scraping letter E (attempt 1/3): 429 Client Error: Too Many Requests for url: https://www.pro-football-reference.com/players/E/
2025-03-12 19:50:48,767 - __main__ - INFO - Waiting 5 seconds before retrying...
2025-03-12 19:50:53,853 - __main__ - WARNING - Error scraping letter E (attempt 2/3): 429 Client Error: Too Many Requests for url: https://www.pro-football-reference.com/players/E/
2025-03-12 19:50:53,853 - __main__ - INFO - Waiting 10 seconds before retrying...
2025-03-12 19:51:03,914 - __main__ - WARNING - Error scraping letter E (attempt 3/3): 429 Client Error: Too Many Requests for url: https://www.pro-football-reference.com/players/E/
2025-03-12 19:51:03,914 - __main__ - INFO - Waiting 15 seconds before retrying...
2025-03-12 19:51:18,916 - __main__ - ERROR - Failed to scrape letter E after 3 attempts
2025-03-12 19:51:18,919 - __main__ - WARNING - No players found for letter E - retrying once more
2025-03-12 19:51:23,924 - __main__ - INFO - Scraping players with last names starting with: E
2025-03-12 19:51:24,023 - __main__ - WARNING - Error scraping letter E (attempt 1/4): 429 Client Error: Too Many Requests for url: https://www.pro-football-reference.com/players/E/
2025-03-12 19:51:24,023 - __main__ - INFO - Waiting 5 seconds before retrying...
2025-03-12 19:51:29,105 - __main__ - WARNING - Error scraping letter E (attempt 2/4): 429 Client Error: Too Many Requests for url: https://www.pro-football-reference.com/players/E/
2025-03-12 19:51:29,106 - __main__ - INFO - Waiting 10 seconds before retrying...
2025-03-12 19:51:39,194 - __main__ - WARNING - Error scraping letter E (attempt 3/4): 429 Client Error: Too Many Requests for url: https://www.pro-football-reference.com/players/E/
2025-03-12 19:51:39,195 - __main__ - INFO - Waiting 15 seconds before retrying...
2025-03-12 19:51:54,297 - __main__ - WARNING - Error scraping letter E (attempt 4/4): 429 Client Error: Too Many Requests for url: https://www.pro-football-reference.com/players/E/
2025-03-12 19:51:54,298 - __main__ - INFO - Waiting 20 seconds before retrying...
2025-03-12 19:52:14,303 - __main__ - ERROR - Failed to scrape letter E after 4 attempts
2025-03-12 19:52:14,305 - __main__ - ERROR - Failed to retrieve players for letter E after retry
2025-03-12 19:52:14,306 - __main__ - INFO - Scraping players with last names starting with: F
2025-03-12 19:52:14,439 - __main__ - WARNING - Error scraping letter F (attempt 1/3): 429 Client Error: Too Many Requests for url: https://www.pro-football-reference.com/players/F/
2025-03-12 19:52:14,440 - __main__ - INFO - Waiting 5 seconds before retrying...
2025-03-12 19:52:19,536 - __main__ - WARNING - Error scraping letter F (attempt 2/3): 429 Client Error: Too Many Requests for url: https://www.pro-football-reference.com/players/F/
2025-03-12 19:52:19,537 - __main__ - INFO - Waiting 10 seconds before retrying...
2025-03-12 19:52:29,608 - __main__ - WARNING - Error scraping letter F (attempt 3/3): 429 Client Error: Too Many Requests for url: https://www.pro-football-reference.com/players/F/
2025-03-12 19:52:29,611 - __main__ - INFO - Waiting 15 seconds before retrying...
2025-03-12 19:52:44,612 - __main__ - ERROR - Failed to scrape letter F after 3 attempts
2025-03-12 19:52:44,614 - __main__ - WARNING - No players found for letter F - retrying once more
2025-03-12 19:52:49,618 - __main__ - INFO - Scraping players with last names starting with: F
2025-03-12 19:52:49,784 - __main__ - WARNING - Error scraping letter F (attempt 1/4): 429 Client Error: Too Many Requests for url: https://www.pro-football-reference.com/players/F/
2025-03-12 19:52:49,784 - __main__ - INFO - Waiting 5 seconds before retrying...
2025-03-12 19:52:54,882 - __main__ - WARNING - Error scraping letter F (attempt 2/4): 429 Client Error: Too Many Requests for url: https://www.pro-football-reference.com/players/F/
2025-03-12 19:52:54,882 - __main__ - INFO - Waiting 10 seconds before retrying...
2025-03-12 19:53:05,027 - __main__ - WARNING - Error scraping letter F (attempt 3/4): 429 Client Error: Too Many Requests for url: https://www.pro-football-reference.com/players/F/
2025-03-12 19:53:05,029 - __main__ - INFO - Waiting 15 seconds before retrying...
